Ejem-Proyectos/PokemonApi/app/build/intermediates/manifest_merge_blame_file/debug/manifest-merger-blame-debug-report.txt
1<?xml version="1.0" encoding="utf-8"?>
2<manifest xmlns:android="http://schemas.android.com/apk/res/android"
3    package="com.estech.pokemonapi"
4    android:versionCode="1"
5    android:versionName="1.0" >
6
7    <uses-sdk
8        android:minSdkVersion="23"
8-->src\main\AndroidManifest.xml
9        android:targetSdkVersion="32" />
9-->src\main\AndroidManifest.xml
10
11    <uses-permission android:name="android.permission.INTERNET" />
11-->src\main\AndroidManifest.xml:5:5-67
11-->src\main\AndroidManifest.xml:5:22-64
12
13    <application
13-->src\main\AndroidManifest.xml:6:5-22:19
14        android:allowBackup="true"
14-->src\main\AndroidManifest.xml:7:9-35
15        android:appComponentFactory="androidx.core.app.CoreComponentFactory"
15-->[androidx.core:core:1.7.0] AndroidManifest.xml:24:18-86
16        android:debuggable="true"
17        android:extractNativeLibs="false"
18        android:icon="@mipmap/ic_launcher"
18-->src\main\AndroidManifest.xml:8:9-43
19        android:label="@string/app_name"
19-->src\main\AndroidManifest.xml:9:9-41
20        android:roundIcon="@mipmap/ic_launcher_round"
20-->src\main\AndroidManifest.xml:10:9-54
21        android:supportsRtl="true"
21-->src\main\AndroidManifest.xml:11:9-35
22        android:testOnly="true"
23        android:theme="@style/Theme.PokemonApi" >
23-->src\main\AndroidManifest.xml:12:9-48
24        <activity
24-->src\main\AndroidManifest.xml:13:9-21:20
25            android:name="com.estech.pokemonapi.MainActivity"
25-->src\main\AndroidManifest.xml:14:13-41
26            android:exported="true" >
26-->src\main\AndroidManifest.xml:15:13-36
27            <intent-filter>
27-->src\main\AndroidManifest.xml:16:13-20:29
28                <action android:name="android.intent.action.MAIN" />
28-->src\main\AndroidManifest.xml:17:17-69
28-->src\main\AndroidManifest.xml:17:25-66
29
30                <category android:name="android.intent.category.LAUNCHER" />
30-->src\main\AndroidManifest.xml:19:17-77
30-->src\main\AndroidManifest.xml:19:27-74
31            </intent-filter>
32        </activity>
33
34        <uses-library
34-->[androidx.window:window:1.0.0] AndroidManifest.xml:25:9-27:40
35            android:name="androidx.window.extensions"
35-->[androidx.window:window:1.0.0] AndroidManifest.xml:26:13-54
36            android:required="false" />
36-->[androidx.window:window:1.0.0] AndroidManifest.xml:27:13-37
37        <uses-library
37-->[androidx.window:window:1.0.0] AndroidManifest.xml:28:9-30:40
38            android:name="androidx.window.sidecar"
38-->[androidx.window:window:1.0.0] AndroidManifest.xml:29:13-51
39            android:required="false" />
39-->[androidx.window:window:1.0.0] AndroidManifest.xml:30:13-37
40
41        <provider
41-->[androidx.emoji2:emoji2:1.0.0] AndroidManifest.xml:26:9-34:20
42            android:name="androidx.startup.InitializationProvider"
42-->[androidx.emoji2:emoji2:1.0.0] AndroidManifest.xml:27:13-67
43            android:authorities="com.estech.pokemonapi.androidx-startup"
43-->[androidx.emoji2:emoji2:1.0.0] AndroidManifest.xml:28:13-68
44            android:exported="false" >
44-->[androidx.emoji2:emoji2:1.0.0] AndroidManifest.xml:29:13-37
45            <meta-data
45-->[androidx.emoji2:emoji2:1.0.0] AndroidManifest.xml:31:13-33:52
46                android:name="androidx.emoji2.text.EmojiCompatInitializer"
46-->[androidx.emoji2:emoji2:1.0.0] AndroidManifest.xml:32:17-75
47                android:value="androidx.startup" />
47-->[androidx.emoji2:emoji2:1.0.0] AndroidManifest.xml:33:17-49
48            <meta-data
48-->[androidx.lifecycle:lifecycle-process:2.4.0] AndroidManifest.xml:31:13-33:52
49                android:name="androidx.lifecycle.ProcessLifecycleInitializer"
49-->[androidx.lifecycle:lifecycle-process:2.4.0] AndroidManifest.xml:32:17-78
50                android:value="androidx.startup" />
50-->[androidx.lifecycle:lifecycle-process:2.4.0] AndroidManifest.xml:33:17-49
51        </provider>
52    </application>
53
54</manifest>